demos/reactnative/android/app/build/intermediates/manifest_merge_blame_file/debug/manifest-merger-blame-debug-report.txt
1<?xml version="1.0" encoding="utf-8"?>
2<manifest xmlns:android="http://schemas.android.com/apk/res/android"
3    package="com.tusjsclientdemo"
4    android:versionCode="1"
5    android:versionName="1.0.0" >
6
7    <uses-sdk
8        android:minSdkVersion="21"
9        android:targetSdkVersion="28" />
10
11    <uses-permission android:name="android.permission.SYSTEM_ALERT_WINDOW" />
11-->src/main/AndroidManifest.xml:3:3-75
11-->src/main/AndroidManifest.xml:3:20-73
12    <uses-permission android:name="android.permission.INTERNET" />
12-->src/main/AndroidManifest.xml:2:3-64
12-->src/main/AndroidManifest.xml:2:20-62
13    <uses-permission android:name="android.permission.MANAGE_DOCUMENTS" />
13-->src/main/AndroidManifest.xml:4:3-72
13-->src/main/AndroidManifest.xml:4:20-70
14    <uses-permission android:name="android.permission.READ_INTERNAL_STORAGE" />
14-->src/main/AndroidManifest.xml:5:3-77
14-->src/main/AndroidManifest.xml:5:20-75
15    <uses-permission android:name="android.permission.READ_PHONE_STATE" />
15-->src/main/AndroidManifest.xml:6:3-72
15-->src/main/AndroidManifest.xml:6:20-70
16    <uses-permission android:name="android.permission.USE_FINGERPRINT" />
16-->src/main/AndroidManifest.xml:7:3-71
16-->src/main/AndroidManifest.xml:7:20-69
17    <uses-permission android:name="android.permission.VIBRATE" />
17-->src/main/AndroidManifest.xml:8:3-63
17-->src/main/AndroidManifest.xml:8:20-61
18    <uses-permission android:name="android.permission.MODIFY_AUDIO_SETTINGS" />
18-->src/main/AndroidManifest.xml:9:3-77
18-->src/main/AndroidManifest.xml:9:20-75
19    <uses-permission android:name="android.permission.ACCESS_COARSE_LOCATION" />
19-->src/main/AndroidManifest.xml:10:3-78
19-->src/main/AndroidManifest.xml:10:20-76
20    <uses-permission android:name="android.permission.ACCESS_FINE_LOCATION" />
20-->src/main/AndroidManifest.xml:11:3-76
20-->src/main/AndroidManifest.xml:11:20-74
21    <uses-permission android:name="android.permission.CAMERA" />
21-->src/main/AndroidManifest.xml:12:3-62
21-->src/main/AndroidManifest.xml:12:20-60
22    <uses-permission android:name="android.permission.READ_CONTACTS" />
22-->src/main/AndroidManifest.xml:13:3-69
22-->src/main/AndroidManifest.xml:13:20-67
23    <uses-permission android:name="android.permission.READ_CALENDAR" />
23-->src/main/AndroidManifest.xml:14:3-69
23-->src/main/AndroidManifest.xml:14:20-67
24    <uses-permission android:name="android.permission.WRITE_CALENDAR" />
24-->src/main/AndroidManifest.xml:15:3-70
24-->src/main/AndroidManifest.xml:15:20-68
25    <uses-permission android:name="android.permission.READ_EXTERNAL_STORAGE" />
25-->src/main/AndroidManifest.xml:16:3-77
25-->src/main/AndroidManifest.xml:16:20-75
26    <uses-permission android:name="android.permission.RECORD_AUDIO" />
26-->src/main/AndroidManifest.xml:17:3-68
26-->src/main/AndroidManifest.xml:17:20-66
27    <uses-permission android:name="android.permission.WRITE_EXTERNAL_STORAGE" />
27-->src/main/AndroidManifest.xml:18:3-78
27-->src/main/AndroidManifest.xml:18:20-76
28    <uses-permission android:name="android.permission.WRITE_SETTINGS" />
28-->src/main/AndroidManifest.xml:19:3-70
28-->src/main/AndroidManifest.xml:19:20-68
29    <uses-permission android:name="android.permission.ACCESS_NETWORK_STATE" />
29-->src/main/AndroidManifest.xml:20:3-76
29-->src/main/AndroidManifest.xml:20:20-74
30    <uses-permission android:name="android.permission.WAKE_LOCK" />
30-->src/main/AndroidManifest.xml:21:3-65
30-->src/main/AndroidManifest.xml:21:20-63
31    <uses-permission android:name="com.google.android.c2dm.permission.RECEIVE" />
31-->src/main/AndroidManifest.xml:22:3-79
31-->src/main/AndroidManifest.xml:22:20-77
32    <uses-permission android:name="android.permission.STORAGE" />
32-->[:expo-file-system] AndroidManifest.xml:15:5-66
32-->[:expo-file-system] AndroidManifest.xml:15:22-63
33
34    <application
34-->src/main/AndroidManifest.xml:23:3-41:17
35        android:name="com.tusjsclientdemo.MainApplication"
35-->src/main/AndroidManifest.xml:23:16-47
36        android:allowBackup="true"
36-->src/main/AndroidManifest.xml:23:162-188
37        android:appComponentFactory="androidx.core.app.CoreComponentFactory"
37-->[androidx.core:core:1.1.0] AndroidManifest.xml:24:18-86
38        android:debuggable="true"
39        android:icon="@mipmap/ic_launcher"
39-->src/main/AndroidManifest.xml:23:81-115
40        android:label="@string/app_name"
40-->src/main/AndroidManifest.xml:23:48-80
41        android:roundIcon="@mipmap/ic_launcher_round"
41-->src/main/AndroidManifest.xml:23:116-161
42        android:theme="@style/AppTheme"
42-->src/main/AndroidManifest.xml:23:189-220
43        android:usesCleartextTraffic="true" >
43-->src/debug/AndroidManifest.xml:6:18-53
44        <meta-data
44-->src/main/AndroidManifest.xml:24:5-93
45            android:name="expo.modules.updates.EXPO_SDK_VERSION"
45-->src/main/AndroidManifest.xml:24:16-68
46            android:value="37.0.0" />
46-->src/main/AndroidManifest.xml:24:69-91
47        <meta-data
47-->src/main/AndroidManifest.xml:25:5-82
48            android:name="expo.modules.updates.ENABLED"
48-->src/main/AndroidManifest.xml:25:16-59
49            android:value="true" />
49-->src/main/AndroidManifest.xml:25:60-80
50        <meta-data
50-->src/main/AndroidManifest.xml:26:5-105
51            android:name="expo.modules.updates.EXPO_UPDATES_CHECK_ON_LAUNCH"
51-->src/main/AndroidManifest.xml:26:16-80
52            android:value="ALWAYS" />
52-->src/main/AndroidManifest.xml:26:81-103
53        <meta-data
53-->src/main/AndroidManifest.xml:27:5-99
54            android:name="expo.modules.updates.EXPO_UPDATES_LAUNCH_WAIT_MS"
54-->src/main/AndroidManifest.xml:27:16-79
55            android:value="0" />
55-->src/main/AndroidManifest.xml:27:80-97
56
57        <activity
57-->src/main/AndroidManifest.xml:28:5-39:16
58            android:name="com.tusjsclientdemo.MainActivity"
58-->src/main/AndroidManifest.xml:28:15-43
59            android:configChanges="keyboard|keyboardHidden|orientation|screenSize"
59-->src/main/AndroidManifest.xml:28:77-147
60            android:label="@string/app_name"
60-->src/main/AndroidManifest.xml:28:44-76
61            android:launchMode="singleTask"
61-->src/main/AndroidManifest.xml:28:148-179
62            android:screenOrientation="portrait"
62-->src/main/AndroidManifest.xml:28:269-305
63            android:theme="@style/Theme.App.SplashScreen"
63-->src/main/AndroidManifest.xml:28:223-268
64            android:windowSoftInputMode="adjustResize" >
64-->src/main/AndroidManifest.xml:28:180-222
65            <intent-filter>
65-->src/main/AndroidManifest.xml:29:7-32:23
66                <action android:name="android.intent.action.MAIN" />
66-->src/main/AndroidManifest.xml:30:9-60
66-->src/main/AndroidManifest.xml:30:17-58
67
68                <category android:name="android.intent.category.LAUNCHER" />
68-->src/main/AndroidManifest.xml:31:9-68
68-->src/main/AndroidManifest.xml:31:19-66
69            </intent-filter>
70            <intent-filter>
70-->src/main/AndroidManifest.xml:33:7-38:23
71                <action android:name="android.intent.action.VIEW" />
71-->src/main/AndroidManifest.xml:34:9-60
71-->src/main/AndroidManifest.xml:34:17-58
72
73                <category android:name="android.intent.category.DEFAULT" />
73-->src/main/AndroidManifest.xml:35:9-67
73-->src/main/AndroidManifest.xml:35:19-65
74                <category android:name="android.intent.category.BROWSABLE" />
74-->src/main/AndroidManifest.xml:36:9-69
74-->src/main/AndroidManifest.xml:36:19-67
75
76                <data android:scheme="com.tusjsclientdemo" />
76-->src/main/AndroidManifest.xml:37:9-53
76-->src/main/AndroidManifest.xml:37:15-51
77            </intent-filter>
78        </activity>
79        <activity android:name="com.facebook.react.devsupport.DevSettingsActivity" />
79-->src/main/AndroidManifest.xml:40:5-81
79-->src/main/AndroidManifest.xml:40:15-79
80
81        <provider
81-->[:expo-file-system] AndroidManifest.xml:18:9-27:20
82            android:name="expo.modules.filesystem.FileSystemFileProvider"
82-->[:expo-file-system] AndroidManifest.xml:19:13-74
83            android:authorities="com.tusjsclientdemo.FileSystemFileProvider"
83-->[:expo-file-system] AndroidManifest.xml:20:13-74
84            android:exported="false"
84-->[:expo-file-system] AndroidManifest.xml:21:13-37
85            android:grantUriPermissions="true" >
85-->[:expo-file-system] AndroidManifest.xml:22:13-47
86            <meta-data
86-->[:expo-file-system] AndroidManifest.xml:24:13-26:70
87                android:name="android.support.FILE_PROVIDER_PATHS"
87-->[:expo-file-system] AndroidManifest.xml:25:17-67
88                android:resource="@xml/file_system_provider_paths" />
88-->[:expo-file-system] AndroidManifest.xml:26:17-67
89        </provider>
90
91        <service
91-->[androidx.room:room-runtime:2.1.0] AndroidManifest.xml:25:9-27:40
92            android:name="androidx.room.MultiInstanceInvalidationService"
92-->[androidx.room:room-runtime:2.1.0] AndroidManifest.xml:26:13-74
93            android:exported="false" />
93-->[androidx.room:room-runtime:2.1.0] AndroidManifest.xml:27:13-37
94    </application>
95
96</manifest>